Cloud-init v. 0.7.6 running 'init-local' at Thu, 07 Dec 2017 14:21:58 +0000. Up 5.14 seconds.
Cloud-init v. 0.7.6 running 'init' at Thu, 07 Dec 2017 14:21:58 +0000. Up 5.32 seconds.
ci-info: +++++++++++++++++++++++Net device info++++++++++++++++++++++++
ci-info:  Device   Up     Address          Mask          Hw-Address    
ci-info:    lo    True   127.0.0.1      255.0.0.0            .         
ci-info:   eth0   True  172.31.33.61  255.255.240.0  0a:a0:e3:70:bf:7a 
ci-info: +++++++++++++++++++++++++++++++Route info+++++++++++++++++++++++++++++++
ci-info:  Route    Destination      Gateway        Genmask      Interface  Flags 
ci-info:    0        0.0.0.0      172.31.32.1      0.0.0.0         eth0      UG  
ci-info:    1    169.254.169.254    0.0.0.0    255.255.255.255     eth0      UH  
ci-info:    2      172.31.32.0      0.0.0.0     255.255.240.0      eth0      U   
Generating public/private rsa key pair.
Your identification has been saved in /etc/ssh/ssh_host_rsa_key.
Your public key has been saved in /etc/ssh/ssh_host_rsa_key.pub.
The key fingerprint is:
SHA256:ao8p50dP8fXalAVS3yL1ZU+u6OB7N4RMyrcdbROwcb0 root@ip-172-31-33-61
The key's randomart image is:
+---[RSA 2048]----+
|             .o =|
|            .+.B=|
|            ..*.B|
|          . .+.E.|
|        S..*.o.o+|
|       ...+o= oo=|
|      o. o...+ *.|
|    ...+. ..o = .|
|     ++.. .. . . |
+----[SHA256]-----+
Generating public/private dsa key pair.
Your identification has been saved in /etc/ssh/ssh_host_dsa_key.
Your public key has been saved in /etc/ssh/ssh_host_dsa_key.pub.
The key fingerprint is:
SHA256:Z+pxl/LXT93cU0koBCXb1x2Li2Cj3Y+8PzLH6vq2Yp0 root@ip-172-31-33-61
The key's randomart image is:
+---[DSA 1024]----+
|         ooo   . |
|          =   + +|
|         = o + +.|
|        + + + o .|
|       .S.oo . ..|
|         +. o. .=|
|        o +o=. o*|
|       . = E.+..o|
|        o.**Oo. o|
+----[SHA256]-----+
Generating public/private ecdsa key pair.
Your identification has been saved in /etc/ssh/ssh_host_ecdsa_key.
Your public key has been saved in /etc/ssh/ssh_host_ecdsa_key.pub.
The key fingerprint is:
SHA256:RmZfQdsj0A+WPS2UdkgMcB1mM+zUeN5yAesN/Iwaxk8 root@ip-172-31-33-61
The key's randomart image is:
+---[ECDSA 256]---+
|          o+=@XB |
|           o**#+=|
|        +  .+Xo*o|
|       + .....X.+|
|        S .+ E * |
|       .  . =    |
|           . .   |
|                 |
|                 |
+----[SHA256]-----+
Cloud-init v. 0.7.6 running 'modules:config' at Thu, 07 Dec 2017 14:21:59 +0000. Up 6.41 seconds.
Loaded plugins: priorities, update-motd, upgrade-helper
No packages needed for security; 1 packages available
Resolving Dependencies
Cloud-init v. 0.7.6 running 'modules:final' at Thu, 07 Dec 2017 14:22:03 +0000. Up 9.50 seconds.
